INFO 2020-06-16 16:07:42,873 [discoverer.py discover:223]: Got: http://www.commonsensemedia.org:80/book-reviews/summoning-darkest-powers-book-1 depth:8 guess_total:2 outgoing_queue:10
INFO 2020-06-16 16:07:42,873 [discoverer.py discover:223]: Got: http://www.commonsensemedia.org:80/book-reviews/summoning-darkest-powers-book-1 depth:8 guess_total:2 outgoing_queue:10
INFO 2020-06-16 16:07:42,875 [discoverer.py discover_backlinks:132]: Backlinks: http://www.commonsensemedia.org:80/book-reviews/summoning-darkest-powers-book-1 http://www.commonsensemedia.org:80/book-reviews/summoning-darkest-powers-book-1/user-reviews
INFO 2020-06-16 16:07:42,875 [discoverer.py discover_backlinks:132]: Backlinks: http://www.commonsensemedia.org:80/book-reviews/summoning-darkest-powers-book-1 http://www.commonsensemedia.org:80/book-reviews/summoning-darkest-powers-book-1/user-reviews
INFO 2020-06-16 16:07:44,232 [discoverer.py discover_backlinks:151]: Wayback linked: [('http://web.archive.org/web/20090702081503/http://www.commonsensemedia.org/book-reviews/summoning-darkest-powers-book-1/user-reviews', 'See all 1 member reviews', ('Most Recent Reviews',)), ('http://web.archive.org/web/20090702081503/http://www.commonsensemedia.org/book-reviews/summoning-darkest-powers-book-1/user-reviews', 'Based on 1 reviews', ('They give it  three stars',))]
INFO 2020-06-16 16:07:44,232 [discoverer.py discover_backlinks:151]: Wayback linked: [('http://web.archive.org/web/20090702081503/http://www.commonsensemedia.org/book-reviews/summoning-darkest-powers-book-1/user-reviews', 'See all 1 member reviews', ('Most Recent Reviews',)), ('http://web.archive.org/web/20090702081503/http://www.commonsensemedia.org/book-reviews/summoning-darkest-powers-book-1/user-reviews', 'Based on 1 reviews', ('They give it  three stars',))]
INFO 2020-06-16 16:08:08,708 [discoverer.py link_same_page:88]: Test if outgoing link same: https://www.commonsensemedia.org/flag/confirm/flag/flag_abuse_node/3784196?destination=node/1255548
INFO 2020-06-16 16:08:08,708 [discoverer.py link_same_page:88]: Test if outgoing link same: https://www.commonsensemedia.org/flag/confirm/flag/flag_abuse_node/3784196?destination=node/1255548
INFO 2020-06-16 16:08:11,824 [discoverer.py link_same_page:88]: Test if outgoing link same: https://www.commonsensemedia.org/blog/how-to-raise-a-reader
INFO 2020-06-16 16:08:11,824 [discoverer.py link_same_page:88]: Test if outgoing link same: https://www.commonsensemedia.org/blog/how-to-raise-a-reader
INFO 2020-06-16 16:08:15,481 [discoverer.py link_same_page:88]: Test if outgoing link same: https://www.commonsensemedia.org/book-reviews/the-summoning-darkest-powers-book-1
INFO 2020-06-16 16:08:15,481 [discoverer.py link_same_page:88]: Test if outgoing link same: https://www.commonsensemedia.org/book-reviews/the-summoning-darkest-powers-book-1
INFO 2020-06-16 16:08:18,689 [discoverer.py link_same_page:88]: Test if outgoing link same: https://www.commonsensemedia.org/
INFO 2020-06-16 16:08:18,689 [discoverer.py link_same_page:88]: Test if outgoing link same: https://www.commonsensemedia.org/
INFO 2020-06-16 16:08:21,773 [discoverer.py link_same_page:88]: Test if outgoing link same: https://www.commonsense.org/education
INFO 2020-06-16 16:08:21,773 [discoverer.py link_same_page:88]: Test if outgoing link same: https://www.commonsense.org/education
INFO 2020-06-16 16:08:25,432 [discoverer.py link_same_page:88]: Test if outgoing link same: https://www.commonsensemedia.org/latino/nuestras-resenas
INFO 2020-06-16 16:08:25,432 [discoverer.py link_same_page:88]: Test if outgoing link same: https://www.commonsensemedia.org/latino/nuestras-resenas
INFO 2020-06-16 16:08:28,970 [discoverer.py link_same_page:88]: Test if outgoing link same: https://www.commonsensemedia.org/latino
INFO 2020-06-16 16:08:28,970 [discoverer.py link_same_page:88]: Test if outgoing link same: https://www.commonsensemedia.org/latino
INFO 2020-06-16 16:08:32,051 [discoverer.py link_same_page:88]: Test if outgoing link same: https://www.commonsensemedia.org/common-sense-events
INFO 2020-06-16 16:08:32,051 [discoverer.py link_same_page:88]: Test if outgoing link same: https://www.commonsensemedia.org/common-sense-events
INFO 2020-06-16 16:08:35,051 [discoverer.py link_same_page:88]: Test if outgoing link same: https://www.commonsensemedia.org/affiliate-links
INFO 2020-06-16 16:08:35,051 [discoverer.py link_same_page:88]: Test if outgoing link same: https://www.commonsensemedia.org/affiliate-links
INFO 2020-06-16 16:08:38,023 [discoverer.py link_same_page:88]: Test if outgoing link same: https://www.commonsensemedia.org/blog/for-summer-learning-press-play-on-podcasts
INFO 2020-06-16 16:08:38,023 [discoverer.py link_same_page:88]: Test if outgoing link same: https://www.commonsensemedia.org/blog/for-summer-learning-press-play-on-podcasts
INFO 2020-06-16 16:08:41,025 [discoverer.py link_same_page:88]: Test if outgoing link same: https://www.commonsensemedia.org/flag/confirm/flag/flag_abuse_node/6182023?destination=node/1255548
INFO 2020-06-16 16:08:41,025 [discoverer.py link_same_page:88]: Test if outgoing link same: https://www.commonsensemedia.org/flag/confirm/flag/flag_abuse_node/6182023?destination=node/1255548
INFO 2020-06-16 16:08:44,037 [discoverer.py link_same_page:88]: Test if outgoing link same: https://www.commonsensemedia.org/tv-lists
INFO 2020-06-16 16:08:44,037 [discoverer.py link_same_page:88]: Test if outgoing link same: https://www.commonsensemedia.org/tv-lists
INFO 2020-06-16 16:08:47,192 [discoverer.py link_same_page:88]: Test if outgoing link same: https://www.commonsensemedia.org/blog/parents-ultimate-guide-to-parental-controls
INFO 2020-06-16 16:08:47,192 [discoverer.py link_same_page:88]: Test if outgoing link same: https://www.commonsensemedia.org/blog/parents-ultimate-guide-to-parental-controls
INFO 2020-06-16 16:08:51,312 [discoverer.py link_same_page:88]: Test if outgoing link same: https://www.commonsensemedia.org/reviews/category/book/genre/fantasy-215
INFO 2020-06-16 16:08:51,312 [discoverer.py link_same_page:88]: Test if outgoing link same: https://www.commonsensemedia.org/reviews/category/book/genre/fantasy-215
INFO 2020-06-16 16:08:54,736 [discoverer.py link_same_page:88]: Test if outgoing link same: https://www.commonsensemedia.org/blog/parents-ultimate-guide-to-tiktok
INFO 2020-06-16 16:08:54,736 [discoverer.py link_same_page:88]: Test if outgoing link same: https://www.commonsensemedia.org/blog/parents-ultimate-guide-to-tiktok
INFO 2020-06-16 16:08:58,685 [discoverer.py link_same_page:88]: Test if outgoing link same: https://www.commonsensemedia.org/flag/confirm/flag/flag_abuse_node/1313192?destination=node/1255548
INFO 2020-06-16 16:08:58,685 [discoverer.py link_same_page:88]: Test if outgoing link same: https://www.commonsensemedia.org/flag/confirm/flag/flag_abuse_node/1313192?destination=node/1255548
INFO 2020-06-16 16:09:01,786 [discoverer.py link_same_page:88]: Test if outgoing link same: https://www.commonsensemedia.org/users/matt-berman/bio
INFO 2020-06-16 16:09:01,786 [discoverer.py link_same_page:88]: Test if outgoing link same: https://www.commonsensemedia.org/users/matt-berman/bio
INFO 2020-06-16 16:09:04,880 [discoverer.py link_same_page:88]: Test if outgoing link same: https://www.commonsensemedia.org/book-reviews/the-crossroads
INFO 2020-06-16 16:09:04,880 [discoverer.py link_same_page:88]: Test if outgoing link same: https://www.commonsensemedia.org/book-reviews/the-crossroads
INFO 2020-06-16 16:09:07,919 [discoverer.py link_same_page:88]: Test if outgoing link same: https://www.commonsensemedia.org/movie-lists
INFO 2020-06-16 16:09:07,919 [discoverer.py link_same_page:88]: Test if outgoing link same: https://www.commonsensemedia.org/movie-lists
INFO 2020-06-16 16:09:11,181 [discoverer.py link_same_page:88]: Test if outgoing link same: https://www.commonsensemedia.org/blog/parents-ultimate-guide-to-fortnite
INFO 2020-06-16 16:09:11,181 [discoverer.py link_same_page:88]: Test if outgoing link same: https://www.commonsensemedia.org/blog/parents-ultimate-guide-to-fortnite
INFO 2020-06-16 16:09:15,246 [discoverer.py link_same_page:88]: Test if outgoing link same: https://www.commonsensemedia.org/violence-in-the-media
INFO 2020-06-16 16:09:15,246 [discoverer.py link_same_page:88]: Test if outgoing link same: https://www.commonsensemedia.org/violence-in-the-media
INFO 2020-06-16 16:09:18,361 [discoverer.py link_same_page:88]: Test if outgoing link same: https://www.commonsense.org/education/user/register
INFO 2020-06-16 16:09:18,361 [discoverer.py link_same_page:88]: Test if outgoing link same: https://www.commonsense.org/education/user/register
INFO 2020-06-16 16:09:21,455 [discoverer.py link_same_page:88]: Test if outgoing link same: https://www.commonsensemedia.org/about-us/news/press-releases
INFO 2020-06-16 16:09:21,455 [discoverer.py link_same_page:88]: Test if outgoing link same: https://www.commonsensemedia.org/about-us/news/press-releases
INFO 2020-06-16 16:09:24,520 [discoverer.py link_same_page:88]: Test if outgoing link same: https://commonsense.force.com/membersupport/s/
INFO 2020-06-16 16:09:24,520 [discoverer.py link_same_page:88]: Test if outgoing link same: https://commonsense.force.com/membersupport/s/
INFO 2020-06-16 16:09:30,191 [discoverer.py link_same_page:88]: Test if outgoing link same: https://www.commonsensemedia.org/blog/how-to-help-kids-sort-fact-from-fiction-about-the-coronavirus
INFO 2020-06-16 16:09:30,191 [discoverer.py link_same_page:88]: Test if outgoing link same: https://www.commonsensemedia.org/blog/how-to-help-kids-sort-fact-from-fiction-about-the-coronavirus
INFO 2020-06-16 16:09:33,180 [discoverer.py link_same_page:88]: Test if outgoing link same: https://www.commonsensemedia.org/about-us/jobs
INFO 2020-06-16 16:09:33,180 [discoverer.py link_same_page:88]: Test if outgoing link same: https://www.commonsensemedia.org/about-us/jobs
INFO 2020-06-16 16:09:36,463 [discoverer.py link_same_page:88]: Test if outgoing link same: https://www.commonsensemedia.org/book-reviews/maximum-ride-book-1-the-angel-experiment
INFO 2020-06-16 16:09:36,463 [discoverer.py link_same_page:88]: Test if outgoing link same: https://www.commonsensemedia.org/book-reviews/maximum-ride-book-1-the-angel-experiment
INFO 2020-06-16 16:09:39,583 [discoverer.py link_same_page:88]: Test if outgoing link same: https://www.commonsensemedia.org/book-reviews/the-sledding-hill
INFO 2020-06-16 16:09:39,583 [discoverer.py link_same_page:88]: Test if outgoing link same: https://www.commonsensemedia.org/book-reviews/the-sledding-hill
INFO 2020-06-16 16:09:42,894 [discoverer.py link_same_page:88]: Test if outgoing link same: https://www.commonsensemedia.org/blog/parents-ultimate-guide-to-minecraft
INFO 2020-06-16 16:09:42,894 [discoverer.py link_same_page:88]: Test if outgoing link same: https://www.commonsensemedia.org/blog/parents-ultimate-guide-to-minecraft
INFO 2020-06-16 16:09:46,049 [discoverer.py link_same_page:88]: Test if outgoing link same: https://www.commonsensemedia.org/about-us/our-mission/community-guidelines
INFO 2020-06-16 16:09:46,049 [discoverer.py link_same_page:88]: Test if outgoing link same: https://www.commonsensemedia.org/about-us/our-mission/community-guidelines
INFO 2020-06-16 16:09:49,105 [discoverer.py link_same_page:88]: Test if outgoing link same: https://wideopenschool.org
INFO 2020-06-16 16:09:49,105 [discoverer.py link_same_page:88]: Test if outgoing link same: https://wideopenschool.org
INFO 2020-06-16 16:09:51,977 [discoverer.py link_same_page:88]: Test if outgoing link same: https://www.commonsensemedia.org/resources-for-families-during-the-coronavirus-pandemic
INFO 2020-06-16 16:09:51,977 [discoverer.py link_same_page:88]: Test if outgoing link same: https://www.commonsensemedia.org/resources-for-families-during-the-coronavirus-pandemic
INFO 2020-06-16 16:09:55,030 [discoverer.py link_same_page:88]: Test if outgoing link same: https://www.commonsensemedia.org/about-us/our-mission
INFO 2020-06-16 16:09:55,030 [discoverer.py link_same_page:88]: Test if outgoing link same: https://www.commonsensemedia.org/about-us/our-mission
INFO 2020-06-16 16:09:57,876 [discoverer.py link_same_page:88]: Test if outgoing link same: https://www.commonsensemedia.org/book-reviews/do-over
INFO 2020-06-16 16:09:57,876 [discoverer.py link_same_page:88]: Test if outgoing link same: https://www.commonsensemedia.org/book-reviews/do-over
INFO 2020-06-16 16:10:01,030 [discoverer.py link_same_page:88]: Test if outgoing link same: https://www.commonsensemedia.org/kids-action
INFO 2020-06-16 16:10:01,030 [discoverer.py link_same_page:88]: Test if outgoing link same: https://www.commonsensemedia.org/kids-action
INFO 2020-06-16 16:10:03,890 [discoverer.py link_same_page:88]: Test if outgoing link same: https://www.commonsensemedia.org/lists/thriller-books-for-teens
INFO 2020-06-16 16:10:03,890 [discoverer.py link_same_page:88]: Test if outgoing link same: https://www.commonsensemedia.org/lists/thriller-books-for-teens
INFO 2020-06-16 16:10:07,825 [discoverer.py link_same_page:88]: Test if outgoing link same: https://www.commonsensemedia.org/latino/en-las-noticias
INFO 2020-06-16 16:10:07,825 [discoverer.py link_same_page:88]: Test if outgoing link same: https://www.commonsensemedia.org/latino/en-las-noticias
INFO 2020-06-16 16:10:10,703 [discoverer.py link_same_page:88]: Test if outgoing link same: https://www.commonsensemedia.org/about-us/our-partners
INFO 2020-06-16 16:10:10,703 [discoverer.py link_same_page:88]: Test if outgoing link same: https://www.commonsensemedia.org/about-us/our-partners
INFO 2020-06-16 16:10:13,549 [discoverer.py link_same_page:88]: Test if outgoing link same: https://www.commonsensemedia.org/book-reviews/the-summoning-darkest-powers-book-1/user-reviews/adult
INFO 2020-06-16 16:10:13,549 [discoverer.py link_same_page:88]: Test if outgoing link same: https://www.commonsensemedia.org/book-reviews/the-summoning-darkest-powers-book-1/user-reviews/adult
INFO 2020-06-16 16:10:16,578 [discoverer.py link_same_page:88]: Test if outgoing link same: https://www.commonsensemedia.org/blog/parents-ultimate-guide-to-youtube-kids
INFO 2020-06-16 16:10:16,578 [discoverer.py link_same_page:88]: Test if outgoing link same: https://www.commonsensemedia.org/blog/parents-ultimate-guide-to-youtube-kids
INFO 2020-06-16 16:10:19,836 [discoverer.py link_same_page:88]: Test if outgoing link same: https://www.commonsensemedia.org/blog/little-kids
INFO 2020-06-16 16:10:19,836 [discoverer.py link_same_page:88]: Test if outgoing link same: https://www.commonsensemedia.org/blog/little-kids
INFO 2020-06-16 16:10:23,002 [discoverer.py link_same_page:88]: Test if outgoing link same: https://www.commonsensemedia.org/user/login?destination=node/1255548
INFO 2020-06-16 16:10:23,002 [discoverer.py link_same_page:88]: Test if outgoing link same: https://www.commonsensemedia.org/user/login?destination=node/1255548
INFO 2020-06-16 16:10:25,884 [discoverer.py link_same_page:88]: Test if outgoing link same: https://www.informizely.com/
INFO 2020-06-16 16:10:25,884 [discoverer.py link_same_page:88]: Test if outgoing link same: https://www.informizely.com/
INFO 2020-06-16 16:10:30,966 [discoverer.py link_same_page:88]: Test if outgoing link same: https://www.commonsensemedia.org/best-for-character-development-lists
INFO 2020-06-16 16:10:30,966 [discoverer.py link_same_page:88]: Test if outgoing link same: https://www.commonsensemedia.org/best-for-character-development-lists
INFO 2020-06-16 16:10:34,055 [discoverer.py link_same_page:88]: Test if outgoing link same: https://privacy.commonsense.org/
INFO 2020-06-16 16:10:34,055 [discoverer.py link_same_page:88]: Test if outgoing link same: https://privacy.commonsense.org/
INFO 2020-06-16 16:10:36,768 [discoverer.py link_same_page:88]: Test if outgoing link same: https://www.commonsensemedia.org/website-lists
INFO 2020-06-16 16:10:36,768 [discoverer.py link_same_page:88]: Test if outgoing link same: https://www.commonsensemedia.org/website-lists
INFO 2020-06-16 16:10:39,752 [discoverer.py link_same_page:88]: Test if outgoing link same: https://www.commonsensemedia.org/recursos-para-las-familias-durante-la-pandemia-del-coronavirus
INFO 2020-06-16 16:10:39,752 [discoverer.py link_same_page:88]: Test if outgoing link same: https://www.commonsensemedia.org/recursos-para-las-familias-durante-la-pandemia-del-coronavirus
INFO 2020-06-16 16:10:42,865 [discoverer.py link_same_page:88]: Test if outgoing link same: https://www.commonsensemedia.org/best-for-learning-lists
INFO 2020-06-16 16:10:42,865 [discoverer.py link_same_page:88]: Test if outgoing link same: https://www.commonsensemedia.org/best-for-learning-lists
INFO 2020-06-16 16:10:45,838 [discoverer.py link_same_page:88]: Test if outgoing link same: https://www.commonsensemedia.org/family-media-agreement
INFO 2020-06-16 16:10:45,838 [discoverer.py link_same_page:88]: Test if outgoing link same: https://www.commonsensemedia.org/family-media-agreement
INFO 2020-06-16 16:10:48,869 [discoverer.py link_same_page:88]: Test if outgoing link same: https://www.commonsensemedia.org/plus
INFO 2020-06-16 16:10:48,869 [discoverer.py link_same_page:88]: Test if outgoing link same: https://www.commonsensemedia.org/plus
INFO 2020-06-16 16:10:51,774 [discoverer.py link_same_page:88]: Test if outgoing link same: https://www.commonsensemedia.org/game-lists
INFO 2020-06-16 16:10:51,774 [discoverer.py link_same_page:88]: Test if outgoing link same: https://www.commonsensemedia.org/game-lists
INFO 2020-06-16 16:10:54,993 [discoverer.py link_same_page:88]: Test if outgoing link same: https://www.commonsensemedia.org/book-reviews/gossip-girl-books
INFO 2020-06-16 16:10:54,993 [discoverer.py link_same_page:88]: Test if outgoing link same: https://www.commonsensemedia.org/book-reviews/gossip-girl-books
INFO 2020-06-16 16:10:58,137 [discoverer.py link_same_page:88]: Test if outgoing link same: https://www.commonsensemedia.org/user/register?destination=kids-action
INFO 2020-06-16 16:10:58,137 [discoverer.py link_same_page:88]: Test if outgoing link same: https://www.commonsensemedia.org/user/register?destination=kids-action
INFO 2020-06-16 16:11:01,233 [discoverer.py link_same_page:88]: Test if outgoing link same: https://www.commonsensemedia.org/flag/confirm/flag/flag_abuse_node/1366244?destination=node/1255548
INFO 2020-06-16 16:11:01,233 [discoverer.py link_same_page:88]: Test if outgoing link same: https://www.commonsensemedia.org/flag/confirm/flag/flag_abuse_node/1366244?destination=node/1255548
INFO 2020-06-16 16:11:04,079 [discoverer.py link_same_page:88]: Test if outgoing link same: https://www.commonsensemedia.org/tv-reviews
INFO 2020-06-16 16:11:04,079 [discoverer.py link_same_page:88]: Test if outgoing link same: https://www.commonsensemedia.org/tv-reviews
INFO 2020-06-16 16:11:07,247 [discoverer.py link_same_page:88]: Test if outgoing link same: https://www.commonsensemedia.org/book-lists
INFO 2020-06-16 16:11:07,247 [discoverer.py link_same_page:88]: Test if outgoing link same: https://www.commonsensemedia.org/book-lists
INFO 2020-06-16 16:11:10,529 [discoverer.py link_same_page:88]: Test if outgoing link same: https://www.commonsensemedia.org/blog/what-to-watch-read-and-play-while-your-kids-are-stuck-indoors
INFO 2020-06-16 16:11:10,529 [discoverer.py link_same_page:88]: Test if outgoing link same: https://www.commonsensemedia.org/blog/what-to-watch-read-and-play-while-your-kids-are-stuck-indoors
INFO 2020-06-16 16:11:13,689 [discoverer.py link_same_page:88]: Test if outgoing link same: https://www.commonsensemedia.org/app-reviews
INFO 2020-06-16 16:11:13,689 [discoverer.py link_same_page:88]: Test if outgoing link same: https://www.commonsensemedia.org/app-reviews
INFO 2020-06-16 16:11:16,936 [discoverer.py link_same_page:88]: Test if outgoing link same: https://www.commonsensemedia.org/video/what-is
INFO 2020-06-16 16:11:16,936 [discoverer.py link_same_page:88]: Test if outgoing link same: https://www.commonsensemedia.org/video/what-is
INFO 2020-06-16 16:11:20,032 [discoverer.py link_same_page:88]: Test if outgoing link same: https://www.commonsense.org/our-impact/
INFO 2020-06-16 16:11:20,032 [discoverer.py link_same_page:88]: Test if outgoing link same: https://www.commonsense.org/our-impact/
INFO 2020-06-16 16:11:23,116 [discoverer.py link_same_page:88]: Test if outgoing link same: https://www.commonsensemedia.org/app-lists
INFO 2020-06-16 16:11:23,116 [discoverer.py link_same_page:88]: Test if outgoing link same: https://www.commonsensemedia.org/app-lists
INFO 2020-06-16 16:11:26,201 [discoverer.py link_same_page:88]: Test if outgoing link same: https://www.commonsensemedia.org/blog/preschoolers
INFO 2020-06-16 16:11:26,201 [discoverer.py link_same_page:88]: Test if outgoing link same: https://www.commonsensemedia.org/blog/preschoolers
INFO 2020-06-16 16:11:29,233 [discoverer.py link_same_page:88]: Test if outgoing link same: https://www.commonsensemedia.org/blog/teens
INFO 2020-06-16 16:11:29,233 [discoverer.py link_same_page:88]: Test if outgoing link same: https://www.commonsensemedia.org/blog/teens
INFO 2020-06-16 16:11:32,279 [discoverer.py link_same_page:88]: Test if outgoing link same: https://www.commonsensemedia.org/about-us/supporters/latino-partners
INFO 2020-06-16 16:11:32,279 [discoverer.py link_same_page:88]: Test if outgoing link same: https://www.commonsensemedia.org/about-us/supporters/latino-partners
INFO 2020-06-16 16:11:35,214 [discoverer.py link_same_page:88]: Test if outgoing link same: https://www.commonsensemedia.org/search?f%5B0%5D=field_reference_review_ent_prod%253Afield_term_book_type%3A144
INFO 2020-06-16 16:11:35,214 [discoverer.py link_same_page:88]: Test if outgoing link same: https://www.commonsensemedia.org/search?f%5B0%5D=field_reference_review_ent_prod%253Afield_term_book_type%3A144
INFO 2020-06-16 16:11:38,267 [discoverer.py link_same_page:88]: Test if outgoing link same: https://www.commonsensemedia.org/common-sense-annual-report
INFO 2020-06-16 16:11:38,267 [discoverer.py link_same_page:88]: Test if outgoing link same: https://www.commonsensemedia.org/common-sense-annual-report
INFO 2020-06-16 16:11:41,145 [discoverer.py link_same_page:88]: Test if outgoing link same: https://www.commonsensemedia.org/screen-time
INFO 2020-06-16 16:11:41,145 [discoverer.py link_same_page:88]: Test if outgoing link same: https://www.commonsensemedia.org/screen-time
INFO 2020-06-16 16:11:44,141 [discoverer.py link_same_page:88]: Test if outgoing link same: https://www.commonsensemedia.org/parenttrapped
INFO 2020-06-16 16:11:44,141 [discoverer.py link_same_page:88]: Test if outgoing link same: https://www.commonsensemedia.org/parenttrapped
INFO 2020-06-16 16:11:47,097 [discoverer.py link_same_page:88]: Test if outgoing link same: https://www.commonsensemedia.org/user/register?destination=/node/add/csm-user-review%3Fnid%3D1255548&source=add-user-review
INFO 2020-06-16 16:11:47,097 [discoverer.py link_same_page:88]: Test if outgoing link same: https://www.commonsensemedia.org/user/register?destination=/node/add/csm-user-review%3Fnid%3D1255548&source=add-user-review
INFO 2020-06-16 16:11:50,044 [discoverer.py link_same_page:88]: Test if outgoing link same: https://www.commonsensemedia.org/about-us/our-mission/about-our-ratings
INFO 2020-06-16 16:11:50,044 [discoverer.py link_same_page:88]: Test if outgoing link same: https://www.commonsensemedia.org/about-us/our-mission/about-our-ratings
INFO 2020-06-16 16:11:52,944 [discoverer.py link_same_page:88]: Test if outgoing link same: https://www.commonsensemedia.org/donate
INFO 2020-06-16 16:11:52,944 [discoverer.py link_same_page:88]: Test if outgoing link same: https://www.commonsensemedia.org/donate
INFO 2020-06-16 16:11:55,950 [discoverer.py link_same_page:88]: Test if outgoing link same: https://www.commonsensemedia.org/research
INFO 2020-06-16 16:11:55,950 [discoverer.py link_same_page:88]: Test if outgoing link same: https://www.commonsensemedia.org/research
INFO 2020-06-16 16:11:59,051 [discoverer.py link_same_page:88]: Test if outgoing link same: https://www.commonsensemedia.org/blog/parents-ultimate-guide-to-youtube
INFO 2020-06-16 16:11:59,051 [discoverer.py link_same_page:88]: Test if outgoing link same: https://www.commonsensemedia.org/blog/parents-ultimate-guide-to-youtube
INFO 2020-06-16 16:12:06,724 [discoverer.py link_same_page:88]: Test if outgoing link same: https://www.commonsensemedia.org/book-reviews/the-yggyssey
INFO 2020-06-16 16:12:06,724 [discoverer.py link_same_page:88]: Test if outgoing link same: https://www.commonsensemedia.org/book-reviews/the-yggyssey
INFO 2020-06-16 16:12:09,887 [discoverer.py link_same_page:88]: Test if outgoing link same: https://www.commonsensemedia.org/book-reviews/the-summoning-darkest-powers-book-1/user-reviews/child
INFO 2020-06-16 16:12:09,887 [discoverer.py link_same_page:88]: Test if outgoing link same: https://www.commonsensemedia.org/book-reviews/the-summoning-darkest-powers-book-1/user-reviews/child
INFO 2020-06-16 16:12:12,986 [discoverer.py link_same_page:88]: Test if outgoing link same: https://www.commonsensemedia.org/about-us/our-mission/privacy-policy
INFO 2020-06-16 16:12:12,986 [discoverer.py link_same_page:88]: Test if outgoing link same: https://www.commonsensemedia.org/about-us/our-mission/privacy-policy
INFO 2020-06-16 16:12:16,181 [discoverer.py link_same_page:88]: Test if outgoing link same: https://www.commonsensemedia.org/events/conversations
INFO 2020-06-16 16:12:16,181 [discoverer.py link_same_page:88]: Test if outgoing link same: https://www.commonsensemedia.org/events/conversations
INFO 2020-06-16 16:12:19,587 [discoverer.py link_same_page:88]: Test if outgoing link same: https://www.commonsensemedia.org/users/caitlin89
INFO 2020-06-16 16:12:19,587 [discoverer.py link_same_page:88]: Test if outgoing link same: https://www.commonsensemedia.org/users/caitlin89
INFO 2020-06-16 16:12:23,373 [discoverer.py link_same_page:88]: Test if outgoing link same: https://www.commonsensemedia.org/search/Kelley%20Armstrong
INFO 2020-06-16 16:12:23,373 [discoverer.py link_same_page:88]: Test if outgoing link same: https://www.commonsensemedia.org/search/Kelley%20Armstrong
INFO 2020-06-16 16:12:26,540 [discoverer.py link_same_page:88]: Test if outgoing link same: https://www.commonsensemedia.org/blog/latino
INFO 2020-06-16 16:12:26,540 [discoverer.py link_same_page:88]: Test if outgoing link same: https://www.commonsensemedia.org/blog/latino
INFO 2020-06-16 16:12:29,767 [discoverer.py link_same_page:88]: Test if outgoing link same: https://www.commonsensemedia.org/blog/parents-ultimate-guide-to-snapchat
INFO 2020-06-16 16:12:29,767 [discoverer.py link_same_page:88]: Test if outgoing link same: https://www.commonsensemedia.org/blog/parents-ultimate-guide-to-snapchat
INFO 2020-06-16 16:12:33,603 [discoverer.py link_same_page:88]: Test if outgoing link same: https://wideopenschool.org/
INFO 2020-06-16 16:12:33,603 [discoverer.py link_same_page:88]: Test if outgoing link same: https://wideopenschool.org/
INFO 2020-06-16 16:12:36,788 [discoverer.py link_same_page:88]: Test if outgoing link same: https://www.commonsensemedia.org/blog/how-comics-helped-my-kid-love-reading
INFO 2020-06-16 16:12:36,788 [discoverer.py link_same_page:88]: Test if outgoing link same: https://www.commonsensemedia.org/blog/how-comics-helped-my-kid-love-reading
INFO 2020-06-16 16:12:40,106 [discoverer.py link_same_page:88]: Test if outgoing link same: https://www.commonsensemedia.org/users/sprintingsnail
INFO 2020-06-16 16:12:40,106 [discoverer.py link_same_page:88]: Test if outgoing link same: https://www.commonsensemedia.org/users/sprintingsnail
INFO 2020-06-16 16:12:43,052 [discoverer.py link_same_page:88]: Test if outgoing link same: https://www.commonsensemedia.org/movie-reviews
INFO 2020-06-16 16:12:43,052 [discoverer.py link_same_page:88]: Test if outgoing link same: https://www.commonsensemedia.org/movie-reviews
INFO 2020-06-16 16:12:46,157 [discoverer.py link_same_page:88]: Test if outgoing link same: https://www.commonsensemedia.org/learning-with-technology
INFO 2020-06-16 16:12:46,157 [discoverer.py link_same_page:88]: Test if outgoing link same: https://www.commonsensemedia.org/learning-with-technology
INFO 2020-06-16 16:12:49,501 [discoverer.py link_same_page:88]: Test if outgoing link same: https://www.commonsensemedia.org/book-reviews/the-summoning-darkest-powers-book-1?width=660&height=420&inline=true#mobile-fixed-social-icons
INFO 2020-06-16 16:12:49,501 [discoverer.py link_same_page:88]: Test if outgoing link same: https://www.commonsensemedia.org/book-reviews/the-summoning-darkest-powers-book-1?width=660&height=420&inline=true#mobile-fixed-social-icons
INFO 2020-06-16 16:12:52,481 [discoverer.py link_same_page:88]: Test if outgoing link same: https://www.commonsensemedia.org/blog/parents-ultimate-guide-to-google-classroom
INFO 2020-06-16 16:12:52,481 [discoverer.py link_same_page:88]: Test if outgoing link same: https://www.commonsensemedia.org/blog/parents-ultimate-guide-to-google-classroom
INFO 2020-06-16 16:12:56,108 [discoverer.py link_same_page:88]: Test if outgoing link same: https://www.commonsensemedia.org/blog/help-your-family-de-stress-during-coronavirus-uncertainty
INFO 2020-06-16 16:12:56,108 [discoverer.py link_same_page:88]: Test if outgoing link same: https://www.commonsensemedia.org/blog/help-your-family-de-stress-during-coronavirus-uncertainty
INFO 2020-06-16 16:12:59,610 [discoverer.py link_same_page:88]: Test if outgoing link same: https://www.commonsensemedia.org/website-reviews
INFO 2020-06-16 16:12:59,610 [discoverer.py link_same_page:88]: Test if outgoing link same: https://www.commonsensemedia.org/website-reviews
INFO 2020-06-16 16:13:03,134 [discoverer.py link_same_page:88]: Test if outgoing link same: https://www.commonsensemedia.org/reading/is-it-ok-for-kids-to-read-books-outside-their-reading-levels
INFO 2020-06-16 16:13:03,134 [discoverer.py link_same_page:88]: Test if outgoing link same: https://www.commonsensemedia.org/reading/is-it-ok-for-kids-to-read-books-outside-their-reading-levels
INFO 2020-06-16 16:13:07,295 [discoverer.py link_same_page:88]: Test if outgoing link same: https://www.commonsensemedia.org/blog/big-kids
INFO 2020-06-16 16:13:07,295 [discoverer.py link_same_page:88]: Test if outgoing link same: https://www.commonsensemedia.org/blog/big-kids
INFO 2020-06-16 16:13:10,495 [discoverer.py link_same_page:88]: Test if outgoing link same: https://www.commonsense.org/education/
INFO 2020-06-16 16:13:10,495 [discoverer.py link_same_page:88]: Test if outgoing link same: https://www.commonsense.org/education/
INFO 2020-06-16 16:13:13,565 [discoverer.py link_same_page:88]: Test if outgoing link same: https://www.commonsensemedia.org/users/phinnous
INFO 2020-06-16 16:13:13,565 [discoverer.py link_same_page:88]: Test if outgoing link same: https://www.commonsensemedia.org/users/phinnous
INFO 2020-06-16 16:13:16,648 [discoverer.py link_same_page:88]: Test if outgoing link same: https://www.commonsensemedia.org/blog
INFO 2020-06-16 16:13:16,648 [discoverer.py link_same_page:88]: Test if outgoing link same: https://www.commonsensemedia.org/blog
INFO 2020-06-16 16:13:20,163 [discoverer.py link_same_page:88]: Test if outgoing link same: https://www.commonsensemedia.org/latino/nuestra-mision
INFO 2020-06-16 16:13:20,163 [discoverer.py link_same_page:88]: Test if outgoing link same: https://www.commonsensemedia.org/latino/nuestra-mision
INFO 2020-06-16 16:13:23,157 [discoverer.py link_same_page:88]: Test if outgoing link same: https://www.commonsensemedia.org/espanol/blog
INFO 2020-06-16 16:13:23,157 [discoverer.py link_same_page:88]: Test if outgoing link same: https://www.commonsensemedia.org/espanol/blog
INFO 2020-06-16 16:13:26,612 [discoverer.py link_same_page:88]: Test if outgoing link same: https://www.commonsensemedia.org/blog/parents-ultimate-guide-to-roblox-0
INFO 2020-06-16 16:13:26,612 [discoverer.py link_same_page:88]: Test if outgoing link same: https://www.commonsensemedia.org/blog/parents-ultimate-guide-to-roblox-0
INFO 2020-06-16 16:13:30,227 [discoverer.py link_same_page:88]: Test if outgoing link same: https://www.commonsensemedia.org/user/register?destination=node/1255548
INFO 2020-06-16 16:13:30,227 [discoverer.py link_same_page:88]: Test if outgoing link same: https://www.commonsensemedia.org/user/register?destination=node/1255548
INFO 2020-06-16 16:13:33,214 [discoverer.py link_same_page:88]: Test if outgoing link same: https://www.commonsensemedia.org/about-us/our-mission/site-terms-use
INFO 2020-06-16 16:13:33,214 [discoverer.py link_same_page:88]: Test if outgoing link same: https://www.commonsensemedia.org/about-us/our-mission/site-terms-use
INFO 2020-06-16 16:13:36,538 [discoverer.py link_same_page:88]: Test if outgoing link same: https://www.commonsensemedia.org/youtube-reviews
INFO 2020-06-16 16:13:36,538 [discoverer.py link_same_page:88]: Test if outgoing link same: https://www.commonsensemedia.org/youtube-reviews
INFO 2020-06-16 16:13:40,393 [discoverer.py link_same_page:88]: Test if outgoing link same: https://www.commonsensemedia.org/parents-ultimate-guides
INFO 2020-06-16 16:13:40,393 [discoverer.py link_same_page:88]: Test if outgoing link same: https://www.commonsensemedia.org/parents-ultimate-guides
INFO 2020-06-16 16:13:43,858 [discoverer.py link_same_page:88]: Test if outgoing link same: https://www.commonsensemedia.org/book-reviews/the-graveyard-book
INFO 2020-06-16 16:13:43,858 [discoverer.py link_same_page:88]: Test if outgoing link same: https://www.commonsensemedia.org/book-reviews/the-graveyard-book
INFO 2020-06-16 16:13:47,494 [discoverer.py link_same_page:88]: Test if outgoing link same: https://www.commonsensemedia.org/game-reviews
INFO 2020-06-16 16:13:47,494 [discoverer.py link_same_page:88]: Test if outgoing link same: https://www.commonsensemedia.org/game-reviews
INFO 2020-06-16 16:13:50,984 [discoverer.py link_same_page:88]: Test if outgoing link same: https://www.commonsensemedia.org
INFO 2020-06-16 16:13:50,984 [discoverer.py link_same_page:88]: Test if outgoing link same: https://www.commonsensemedia.org
INFO 2020-06-16 16:13:54,486 [discoverer.py link_same_page:88]: Test if outgoing link same: https://www.commonsensemedia.org/users/mom-teacher-reader
INFO 2020-06-16 16:13:54,486 [discoverer.py link_same_page:88]: Test if outgoing link same: https://www.commonsensemedia.org/users/mom-teacher-reader
INFO 2020-06-16 16:13:57,450 [discoverer.py link_same_page:88]: Test if outgoing link same: https://www.commonsensemedia.org/cellphone-parenting
INFO 2020-06-16 16:13:57,450 [discoverer.py link_same_page:88]: Test if outgoing link same: https://www.commonsensemedia.org/cellphone-parenting
INFO 2020-06-16 16:14:00,438 [discoverer.py link_same_page:88]: Test if outgoing link same: https://www.commonsensemedia.org/meet-our-team/our-board
INFO 2020-06-16 16:14:00,438 [discoverer.py link_same_page:88]: Test if outgoing link same: https://www.commonsensemedia.org/meet-our-team/our-board
INFO 2020-06-16 16:14:03,794 [discoverer.py link_same_page:88]: Test if outgoing link same: https://www.commonsensemedia.org/meet-our-team/our-board#/advisors
INFO 2020-06-16 16:14:03,794 [discoverer.py link_same_page:88]: Test if outgoing link same: https://www.commonsensemedia.org/meet-our-team/our-board#/advisors
INFO 2020-06-16 16:14:07,669 [discoverer.py link_same_page:88]: Test if outgoing link same: https://www.commonsensemedia.org/guide/special-needs
INFO 2020-06-16 16:14:07,669 [discoverer.py link_same_page:88]: Test if outgoing link same: https://www.commonsensemedia.org/guide/special-needs
INFO 2020-06-16 16:14:10,687 [discoverer.py link_same_page:88]: Test if outgoing link same: https://podcasts.apple.com/us/podcast/parent-trapped/id1510846733
INFO 2020-06-16 16:14:10,687 [discoverer.py link_same_page:88]: Test if outgoing link same: https://podcasts.apple.com/us/podcast/parent-trapped/id1510846733
INFO 2020-06-16 16:14:14,196 [discoverer.py link_same_page:88]: Test if outgoing link same: https://www.commonsensemedia.org/book-reviews/ghosts-i-have-been
INFO 2020-06-16 16:14:14,196 [discoverer.py link_same_page:88]: Test if outgoing link same: https://www.commonsensemedia.org/book-reviews/ghosts-i-have-been
INFO 2020-06-16 16:14:17,455 [discoverer.py link_same_page:88]: Test if outgoing link same: https://www.commonsense.org/education/digital-citizenship
INFO 2020-06-16 16:14:17,455 [discoverer.py link_same_page:88]: Test if outgoing link same: https://www.commonsense.org/education/digital-citizenship
INFO 2020-06-16 16:14:20,630 [discoverer.py link_same_page:88]: Test if outgoing link same: https://www.commonsensemedia.org/meet-our-team
INFO 2020-06-16 16:14:20,630 [discoverer.py link_same_page:88]: Test if outgoing link same: https://www.commonsensemedia.org/meet-our-team
INFO 2020-06-16 16:14:24,407 [discoverer.py link_same_page:88]: Test if outgoing link same: https://www.commonsensemedia.org/parent-concerns
INFO 2020-06-16 16:14:24,407 [discoverer.py link_same_page:88]: Test if outgoing link same: https://www.commonsensemedia.org/parent-concerns
INFO 2020-06-16 16:14:27,326 [discoverer.py link_same_page:88]: Test if outgoing link same: https://www.commonsensemedia.org/espanol/blog/libros-sobre-racismo-y-justicia-social
INFO 2020-06-16 16:14:27,326 [discoverer.py link_same_page:88]: Test if outgoing link same: https://www.commonsensemedia.org/espanol/blog/libros-sobre-racismo-y-justicia-social
INFO 2020-06-16 16:14:30,464 [discoverer.py link_same_page:88]: Test if outgoing link same: https://www.commonsensemedia.org/seal
INFO 2020-06-16 16:14:30,464 [discoverer.py link_same_page:88]: Test if outgoing link same: https://www.commonsensemedia.org/seal
INFO 2020-06-16 16:14:33,565 [discoverer.py link_same_page:88]: Test if outgoing link same: https://www.commonsensemedia.org/video/espanol
INFO 2020-06-16 16:14:33,565 [discoverer.py link_same_page:88]: Test if outgoing link same: https://www.commonsensemedia.org/video/espanol
INFO 2020-06-16 16:14:36,885 [discoverer.py link_same_page:88]: Test if outgoing link same: https://www.commonsensemedia.org/blog/parents-ultimate-guide-to-zoom
INFO 2020-06-16 16:14:36,885 [discoverer.py link_same_page:88]: Test if outgoing link same: https://www.commonsensemedia.org/blog/parents-ultimate-guide-to-zoom
INFO 2020-06-16 16:14:40,237 [discoverer.py link_same_page:88]: Test if outgoing link same: https://www.commonsensemedia.org/book-reviews
INFO 2020-06-16 16:14:40,237 [discoverer.py link_same_page:88]: Test if outgoing link same: https://www.commonsensemedia.org/book-reviews
INFO 2020-06-16 16:14:43,460 [discoverer.py link_same_page:88]: Test if outgoing link same: https://www.donotsell.org
INFO 2020-06-16 16:14:43,460 [discoverer.py link_same_page:88]: Test if outgoing link same: https://www.donotsell.org
INFO 2020-06-16 16:14:46,152 [discoverer.py link_same_page:88]: Test if outgoing link same: https://www.commonsensemedia.org/blog/tweens
INFO 2020-06-16 16:14:46,152 [discoverer.py link_same_page:88]: Test if outgoing link same: https://www.commonsensemedia.org/blog/tweens
INFO 2020-06-16 16:14:49,253 [discoverer.py link_same_page:88]: Test if outgoing link same: https://www.commonsensemedia.org/blog/parents-ultimate-guide-to-messenger-kids
INFO 2020-06-16 16:14:49,253 [discoverer.py link_same_page:88]: Test if outgoing link same: https://www.commonsensemedia.org/blog/parents-ultimate-guide-to-messenger-kids
INFO 2020-06-16 16:14:52,447 [discoverer.py link_same_page:88]: Test if outgoing link same: https://www.commonsensemedia.org/latino/educacion
INFO 2020-06-16 16:14:52,447 [discoverer.py link_same_page:88]: Test if outgoing link same: https://www.commonsensemedia.org/latino/educacion
INFO 2020-06-16 16:14:55,420 [discoverer.py link_same_page:88]: Test if outgoing link same: https://www.commonsensemedia.org/search?f%5B0%5D=field_reference_review_ent_prod%253Afield_term_book_publishers%3A555
INFO 2020-06-16 16:14:55,420 [discoverer.py link_same_page:88]: Test if outgoing link same: https://www.commonsensemedia.org/search?f%5B0%5D=field_reference_review_ent_prod%253Afield_term_book_publishers%3A555
INFO 2020-06-16 16:14:58,640 [discoverer.py link_same_page:88]: Test if outgoing link same: https://www.commonsensemedia.org/privacy-and-internet-safety
INFO 2020-06-16 16:14:58,640 [discoverer.py link_same_page:88]: Test if outgoing link same: https://www.commonsensemedia.org/privacy-and-internet-safety
INFO 2020-06-16 16:15:01,653 [discoverer.py link_same_page:88]: Test if outgoing link same: https://www.commonsensemedia.org/social-media
INFO 2020-06-16 16:15:01,653 [discoverer.py link_same_page:88]: Test if outgoing link same: https://www.commonsensemedia.org/social-media
INFO 2020-06-16 16:15:04,651 [discoverer.py link_same_page:88]: Test if outgoing link same: https://www.commonsensemedia.org/offices
INFO 2020-06-16 16:15:04,651 [discoverer.py link_same_page:88]: Test if outgoing link same: https://www.commonsensemedia.org/offices
INFO 2020-06-16 16:15:07,612 [discoverer.py link_same_page:88]: Test if outgoing link same: https://www.commonsensemedia.org/newsletters
INFO 2020-06-16 16:15:07,612 [discoverer.py link_same_page:88]: Test if outgoing link same: https://www.commonsensemedia.org/newsletters
INFO 2020-06-16 16:15:10,485 [discoverer.py link_same_page:88]: Test if outgoing link same: https://www.commonsensemedia.org/user/login?destination=recommendations/watch
INFO 2020-06-16 16:15:10,485 [discoverer.py link_same_page:88]: Test if outgoing link same: https://www.commonsensemedia.org/user/login?destination=recommendations/watch
INFO 2020-06-16 16:15:13,489 [discoverer.py discover:226]: notfound
INFO 2020-06-16 16:15:13,489 [discoverer.py discover:226]: notfound
INFO 2020-06-16 16:15:13,493 [discoverer.py discover:223]: Got: http://www.commonsensemedia.org/book-reviews/summoning-darkest-powers-book-1/details#is-it-any-good depth:7 guess_total:2 outgoing_queue:10
INFO 2020-06-16 16:15:13,493 [discoverer.py discover:223]: Got: http://www.commonsensemedia.org/book-reviews/summoning-darkest-powers-book-1/details#is-it-any-good depth:7 guess_total:2 outgoing_queue:10
INFO 2020-06-16 16:15:13,495 [discoverer.py discover_backlinks:132]: Backlinks: http://www.commonsensemedia.org/book-reviews/summoning-darkest-powers-book-1/details#is-it-any-good http://www.commonsensemedia.org:80/book-reviews/summoning-darkest-powers-book-1/user-reviews
INFO 2020-06-16 16:15:13,495 [discoverer.py discover_backlinks:132]: Backlinks: http://www.commonsensemedia.org/book-reviews/summoning-darkest-powers-book-1/details#is-it-any-good http://www.commonsensemedia.org:80/book-reviews/summoning-darkest-powers-book-1/user-reviews
INFO 2020-06-16 16:15:21,812 [discoverer.py discover_backlinks:151]: Wayback linked: [('http://web.archive.org/web/20090703003209/http://www.commonsensemedia.org/book-reviews/summoning-darkest-powers-book-1/user-reviews', 'See all member reviews', ('Back to the main review',))]
INFO 2020-06-16 16:15:21,812 [discoverer.py discover_backlinks:151]: Wayback linked: [('http://web.archive.org/web/20090703003209/http://www.commonsensemedia.org/book-reviews/summoning-darkest-powers-book-1/user-reviews', 'See all member reviews', ('Back to the main review',))]
INFO 2020-06-16 16:15:21,815 [discoverer.py discover:226]: reorg
INFO 2020-06-16 16:15:21,815 [discoverer.py discover:226]: reorg
INFO 2020-06-16 16:15:21,817 [discoverer.py discover:223]: Got: http://www.commonsensemedia.org:80/book-reviews depth:5 guess_total:1 outgoing_queue:9
INFO 2020-06-16 16:15:21,817 [discoverer.py discover:223]: Got: http://www.commonsensemedia.org:80/book-reviews depth:5 guess_total:1 outgoing_queue:9
INFO 2020-06-16 16:15:21,818 [discoverer.py discover_backlinks:132]: Backlinks: http://www.commonsensemedia.org:80/book-reviews http://www.commonsensemedia.org:80/book-reviews/summoning-darkest-powers-book-1/user-reviews
INFO 2020-06-16 16:15:21,818 [discoverer.py discover_backlinks:132]: Backlinks: http://www.commonsensemedia.org:80/book-reviews http://www.commonsensemedia.org:80/book-reviews/summoning-darkest-powers-book-1/user-reviews
INFO 2020-06-16 16:15:23,482 [discoverer.py discover_backlinks:151]: Wayback linked: []
INFO 2020-06-16 16:15:23,482 [discoverer.py discover_backlinks:151]: Wayback linked: []
INFO 2020-06-16 16:15:23,484 [discoverer.py discover:226]: loop
INFO 2020-06-16 16:15:23,484 [discoverer.py discover:226]: loop
INFO 2020-06-16 16:16:44,227 [discoverer.py discover:223]: Got: http://www.commonsensemedia.org/advice-for-parents depth:7 guess_total:1 outgoing_queue:224
INFO 2020-06-16 16:16:44,227 [discoverer.py discover:223]: Got: http://www.commonsensemedia.org/advice-for-parents depth:7 guess_total:1 outgoing_queue:224
INFO 2020-06-16 16:16:44,229 [discoverer.py discover_backlinks:132]: Backlinks: http://www.commonsensemedia.org/advice-for-parents http://www.commonsensemedia.org:80/book-reviews/summoning-darkest-powers-book-1/user-reviews
INFO 2020-06-16 16:16:44,229 [discoverer.py discover_backlinks:132]: Backlinks: http://www.commonsensemedia.org/advice-for-parents http://www.commonsensemedia.org:80/book-reviews/summoning-darkest-powers-book-1/user-reviews
INFO 2020-06-16 16:16:45,390 [discoverer.py discover_backlinks:151]: Wayback linked: []
INFO 2020-06-16 16:16:45,390 [discoverer.py discover_backlinks:151]: Wayback linked: []
INFO 2020-06-16 16:16:45,392 [discoverer.py discover:226]: loop
INFO 2020-06-16 16:16:45,392 [discoverer.py discover:226]: loop
INFO 2020-06-16 16:17:30,947 [discoverer.py discover:223]: Got: http://www.commonsensemedia.org:80/ depth:2 guess_total:0 outgoing_queue:10
INFO 2020-06-16 16:17:30,947 [discoverer.py discover:223]: Got: http://www.commonsensemedia.org:80/ depth:2 guess_total:0 outgoing_queue:10
INFO 2020-06-16 16:17:30,949 [discoverer.py discover_backlinks:132]: Backlinks: http://www.commonsensemedia.org:80/ http://www.commonsensemedia.org:80/book-reviews/summoning-darkest-powers-book-1/user-reviews
INFO 2020-06-16 16:17:30,949 [discoverer.py discover_backlinks:132]: Backlinks: http://www.commonsensemedia.org:80/ http://www.commonsensemedia.org:80/book-reviews/summoning-darkest-powers-book-1/user-reviews
INFO 2020-06-16 16:17:31,261 [discoverer.py discover_backlinks:151]: Wayback linked: []
INFO 2020-06-16 16:17:31,261 [discoverer.py discover_backlinks:151]: Wayback linked: []
INFO 2020-06-16 16:17:31,262 [discoverer.py discover:226]: loop
INFO 2020-06-16 16:17:31,262 [discoverer.py discover:226]: loop
INFO 2020-06-16 16:17:31,263 [discoverer.py discover:223]: Got: http://www.commonsensemedia.org/advice-for-parents/managing-multitasking depth:3 guess_total:0 outgoing_queue:10
INFO 2020-06-16 16:17:31,263 [discoverer.py discover:223]: Got: http://www.commonsensemedia.org/advice-for-parents/managing-multitasking depth:3 guess_total:0 outgoing_queue:10
INFO 2020-06-16 16:17:31,264 [discoverer.py discover_backlinks:132]: Backlinks: http://www.commonsensemedia.org/advice-for-parents/managing-multitasking http://www.commonsensemedia.org:80/book-reviews/summoning-darkest-powers-book-1/user-reviews
INFO 2020-06-16 16:17:31,264 [discoverer.py discover_backlinks:132]: Backlinks: http://www.commonsensemedia.org/advice-for-parents/managing-multitasking http://www.commonsensemedia.org:80/book-reviews/summoning-darkest-powers-book-1/user-reviews
INFO 2020-06-16 16:17:33,849 [discoverer.py discover_backlinks:151]: Wayback linked: []
INFO 2020-06-16 16:17:33,849 [discoverer.py discover_backlinks:151]: Wayback linked: []
INFO 2020-06-16 16:17:33,851 [discoverer.py discover:226]: loop
INFO 2020-06-16 16:17:33,851 [discoverer.py discover:226]: loop
INFO 2020-06-16 16:17:33,853 [discoverer.py discover:223]: Got: http://www.commonsensemedia.org/educators depth:7 guess_total:0 outgoing_queue:9
INFO 2020-06-16 16:17:33,853 [discoverer.py discover:223]: Got: http://www.commonsensemedia.org/educators depth:7 guess_total:0 outgoing_queue:9
INFO 2020-06-16 16:17:33,854 [discoverer.py discover_backlinks:132]: Backlinks: http://www.commonsensemedia.org/educators http://www.commonsensemedia.org:80/book-reviews/summoning-darkest-powers-book-1/user-reviews
INFO 2020-06-16 16:17:33,854 [discoverer.py discover_backlinks:132]: Backlinks: http://www.commonsensemedia.org/educators http://www.commonsensemedia.org:80/book-reviews/summoning-darkest-powers-book-1/user-reviews
INFO 2020-06-16 16:17:34,941 [discoverer.py discover_backlinks:151]: Wayback linked: []
INFO 2020-06-16 16:17:34,941 [discoverer.py discover_backlinks:151]: Wayback linked: []
INFO 2020-06-16 16:17:34,943 [discoverer.py discover:226]: loop
INFO 2020-06-16 16:17:34,943 [discoverer.py discover:226]: loop
INFO 2020-06-16 16:17:58,425 [discoverer.py discover:223]: Got: https://www.commonsensemedia.org/educators/connecting-families depth:3 guess_total:0 outgoing_queue:10
INFO 2020-06-16 16:17:58,425 [discoverer.py discover:223]: Got: https://www.commonsensemedia.org/educators/connecting-families depth:3 guess_total:0 outgoing_queue:10
INFO 2020-06-16 16:17:58,426 [discoverer.py discover_backlinks:132]: Backlinks: https://www.commonsensemedia.org/educators/connecting-families http://www.commonsensemedia.org:80/book-reviews/summoning-darkest-powers-book-1/user-reviews
INFO 2020-06-16 16:17:58,426 [discoverer.py discover_backlinks:132]: Backlinks: https://www.commonsensemedia.org/educators/connecting-families http://www.commonsensemedia.org:80/book-reviews/summoning-darkest-powers-book-1/user-reviews
INFO 2020-06-16 16:17:59,256 [discoverer.py discover_backlinks:151]: Wayback linked: []
INFO 2020-06-16 16:17:59,256 [discoverer.py discover_backlinks:151]: Wayback linked: []
INFO 2020-06-16 16:17:59,257 [discoverer.py discover:226]: loop
INFO 2020-06-16 16:17:59,257 [discoverer.py discover:226]: loop
INFO 2020-06-16 16:17:59,259 [discoverer.py discover:223]: Got: https://www.commonsensemedia.org/educators/professional-development depth:3 guess_total:0 outgoing_queue:9
INFO 2020-06-16 16:17:59,259 [discoverer.py discover:223]: Got: https://www.commonsensemedia.org/educators/professional-development depth:3 guess_total:0 outgoing_queue:9
INFO 2020-06-16 16:17:59,260 [discoverer.py discover_backlinks:132]: Backlinks: https://www.commonsensemedia.org/educators/professional-development http://www.commonsensemedia.org:80/book-reviews/summoning-darkest-powers-book-1/user-reviews
INFO 2020-06-16 16:17:59,260 [discoverer.py discover_backlinks:132]: Backlinks: https://www.commonsensemedia.org/educators/professional-development http://www.commonsensemedia.org:80/book-reviews/summoning-darkest-powers-book-1/user-reviews
INFO 2020-06-16 16:18:01,858 [discoverer.py discover_backlinks:151]: Wayback linked: []
INFO 2020-06-16 16:18:01,858 [discoverer.py discover_backlinks:151]: Wayback linked: []
INFO 2020-06-16 16:18:01,859 [discoverer.py discover:226]: loop
INFO 2020-06-16 16:18:01,859 [discoverer.py discover:226]: loop
INFO 2020-06-16 16:18:01,861 [discoverer.py discover:223]: Got: http://www.commonsensemedia.org/advice-for-parents/boys-and-body-image-tips depth:3 guess_total:0 outgoing_queue:8
INFO 2020-06-16 16:18:01,861 [discoverer.py discover:223]: Got: http://www.commonsensemedia.org/advice-for-parents/boys-and-body-image-tips depth:3 guess_total:0 outgoing_queue:8
INFO 2020-06-16 16:18:01,862 [discoverer.py discover_backlinks:132]: Backlinks: http://www.commonsensemedia.org/advice-for-parents/boys-and-body-image-tips http://www.commonsensemedia.org:80/book-reviews/summoning-darkest-powers-book-1/user-reviews
INFO 2020-06-16 16:18:01,862 [discoverer.py discover_backlinks:132]: Backlinks: http://www.commonsensemedia.org/advice-for-parents/boys-and-body-image-tips http://www.commonsensemedia.org:80/book-reviews/summoning-darkest-powers-book-1/user-reviews
INFO 2020-06-16 16:18:05,288 [discoverer.py discover_backlinks:151]: Wayback linked: []
INFO 2020-06-16 16:18:05,288 [discoverer.py discover_backlinks:151]: Wayback linked: []
INFO 2020-06-16 16:18:05,290 [discoverer.py discover:226]: loop
INFO 2020-06-16 16:18:05,290 [discoverer.py discover:226]: loop
INFO 2020-06-16 16:18:05,292 [discoverer.py discover:223]: Got: https://www.commonsensemedia.org/educators/certification depth:3 guess_total:0 outgoing_queue:7
INFO 2020-06-16 16:18:05,292 [discoverer.py discover:223]: Got: https://www.commonsensemedia.org/educators/certification depth:3 guess_total:0 outgoing_queue:7
INFO 2020-06-16 16:18:05,293 [discoverer.py discover_backlinks:132]: Backlinks: https://www.commonsensemedia.org/educators/certification http://www.commonsensemedia.org:80/book-reviews/summoning-darkest-powers-book-1/user-reviews
INFO 2020-06-16 16:18:05,293 [discoverer.py discover_backlinks:132]: Backlinks: https://www.commonsensemedia.org/educators/certification http://www.commonsensemedia.org:80/book-reviews/summoning-darkest-powers-book-1/user-reviews
INFO 2020-06-16 16:18:06,719 [discoverer.py discover_backlinks:151]: Wayback linked: []
INFO 2020-06-16 16:18:06,719 [discoverer.py discover_backlinks:151]: Wayback linked: []
INFO 2020-06-16 16:18:06,721 [discoverer.py discover:226]: loop
INFO 2020-06-16 16:18:06,721 [discoverer.py discover:226]: loop
INFO 2020-06-16 16:18:06,723 [discoverer.py discover:223]: Got: https://www.commonsensemedia.org/book-reviews depth:1 guess_total:0 outgoing_queue:6
INFO 2020-06-16 16:18:06,723 [discoverer.py discover:223]: Got: https://www.commonsensemedia.org/book-reviews depth:1 guess_total:0 outgoing_queue:6
INFO 2020-06-16 16:18:06,724 [discoverer.py discover_backlinks:132]: Backlinks: https://www.commonsensemedia.org/book-reviews http://www.commonsensemedia.org:80/book-reviews/summoning-darkest-powers-book-1/user-reviews
INFO 2020-06-16 16:18:06,724 [discoverer.py discover_backlinks:132]: Backlinks: https://www.commonsensemedia.org/book-reviews http://www.commonsensemedia.org:80/book-reviews/summoning-darkest-powers-book-1/user-reviews
INFO 2020-06-16 16:18:07,839 [discoverer.py discover_backlinks:151]: Wayback linked: []
INFO 2020-06-16 16:18:07,839 [discoverer.py discover_backlinks:151]: Wayback linked: []
INFO 2020-06-16 16:18:07,840 [discoverer.py discover:226]: loop
INFO 2020-06-16 16:18:07,840 [discoverer.py discover:226]: loop
INFO 2020-06-16 16:18:07,842 [discoverer.py discover:223]: Got: http://www.commonsensemedia.org/by-age depth:7 guess_total:0 outgoing_queue:5
INFO 2020-06-16 16:18:07,842 [discoverer.py discover:223]: Got: http://www.commonsensemedia.org/by-age depth:7 guess_total:0 outgoing_queue:5
INFO 2020-06-16 16:18:07,844 [discoverer.py discover_backlinks:132]: Backlinks: http://www.commonsensemedia.org/by-age http://www.commonsensemedia.org:80/book-reviews/summoning-darkest-powers-book-1/user-reviews
INFO 2020-06-16 16:18:07,844 [discoverer.py discover_backlinks:132]: Backlinks: http://www.commonsensemedia.org/by-age http://www.commonsensemedia.org:80/book-reviews/summoning-darkest-powers-book-1/user-reviews
INFO 2020-06-16 16:18:08,837 [discoverer.py discover_backlinks:151]: Wayback linked: []
INFO 2020-06-16 16:18:08,837 [discoverer.py discover_backlinks:151]: Wayback linked: []
INFO 2020-06-16 16:18:08,838 [discoverer.py discover:226]: loop
INFO 2020-06-16 16:18:08,838 [discoverer.py discover:226]: loop
INFO 2020-06-16 16:18:52,926 [discoverer.py discover:223]: Got: http://www.commonsensemedia.org/website-reviews/youtube#what-parents-need-to-know depth:3 guess_total:0 outgoing_queue:10
INFO 2020-06-16 16:18:52,926 [discoverer.py discover:223]: Got: http://www.commonsensemedia.org/website-reviews/youtube#what-parents-need-to-know depth:3 guess_total:0 outgoing_queue:10
INFO 2020-06-16 16:18:52,928 [discoverer.py discover_backlinks:132]: Backlinks: http://www.commonsensemedia.org/website-reviews/youtube#what-parents-need-to-know http://www.commonsensemedia.org:80/book-reviews/summoning-darkest-powers-book-1/user-reviews
INFO 2020-06-16 16:18:52,928 [discoverer.py discover_backlinks:132]: Backlinks: http://www.commonsensemedia.org/website-reviews/youtube#what-parents-need-to-know http://www.commonsensemedia.org:80/book-reviews/summoning-darkest-powers-book-1/user-reviews
INFO 2020-06-16 16:18:53,800 [discoverer.py discover_backlinks:151]: Wayback linked: []
INFO 2020-06-16 16:18:53,800 [discoverer.py discover_backlinks:151]: Wayback linked: []
INFO 2020-06-16 16:18:53,801 [discoverer.py discover:226]: loop
INFO 2020-06-16 16:18:53,801 [discoverer.py discover:226]: loop
INFO 2020-06-16 16:18:53,803 [discoverer.py discover:223]: Got: http://www.commonsensemedia.org/music-reviews/not-afraid-cd-single#what-parents-need-to-know depth:3 guess_total:0 outgoing_queue:9
INFO 2020-06-16 16:18:53,803 [discoverer.py discover:223]: Got: http://www.commonsensemedia.org/music-reviews/not-afraid-cd-single#what-parents-need-to-know depth:3 guess_total:0 outgoing_queue:9
INFO 2020-06-16 16:18:53,804 [discoverer.py discover_backlinks:132]: Backlinks: http://www.commonsensemedia.org/music-reviews/not-afraid-cd-single#what-parents-need-to-know http://www.commonsensemedia.org:80/book-reviews/summoning-darkest-powers-book-1/user-reviews
INFO 2020-06-16 16:18:53,804 [discoverer.py discover_backlinks:132]: Backlinks: http://www.commonsensemedia.org/music-reviews/not-afraid-cd-single#what-parents-need-to-know http://www.commonsensemedia.org:80/book-reviews/summoning-darkest-powers-book-1/user-reviews
INFO 2020-06-16 16:18:55,833 [discoverer.py discover_backlinks:151]: Wayback linked: []
INFO 2020-06-16 16:18:55,833 [discoverer.py discover_backlinks:151]: Wayback linked: []
INFO 2020-06-16 16:18:55,835 [discoverer.py discover:226]: loop
INFO 2020-06-16 16:18:55,835 [discoverer.py discover:226]: loop
INFO 2020-06-16 16:18:55,836 [discoverer.py discover:223]: Got: http://www.commonsensemedia.org/website-reviews/FashionFantasyGame.html#what-parents-need-to-know depth:3 guess_total:0 outgoing_queue:8
INFO 2020-06-16 16:18:55,836 [discoverer.py discover:223]: Got: http://www.commonsensemedia.org/website-reviews/FashionFantasyGame.html#what-parents-need-to-know depth:3 guess_total:0 outgoing_queue:8
INFO 2020-06-16 16:18:55,838 [discoverer.py discover_backlinks:132]: Backlinks: http://www.commonsensemedia.org/website-reviews/FashionFantasyGame.html#what-parents-need-to-know http://www.commonsensemedia.org:80/book-reviews/summoning-darkest-powers-book-1/user-reviews
INFO 2020-06-16 16:18:55,838 [discoverer.py discover_backlinks:132]: Backlinks: http://www.commonsensemedia.org/website-reviews/FashionFantasyGame.html#what-parents-need-to-know http://www.commonsensemedia.org:80/book-reviews/summoning-darkest-powers-book-1/user-reviews
INFO 2020-06-16 16:18:59,020 [discoverer.py discover_backlinks:151]: Wayback linked: []
INFO 2020-06-16 16:18:59,020 [discoverer.py discover_backlinks:151]: Wayback linked: []
INFO 2020-06-16 16:18:59,023 [discoverer.py discover:226]: loop
INFO 2020-06-16 16:18:59,023 [discoverer.py discover:226]: loop
INFO 2020-06-16 16:18:59,024 [discoverer.py discover:223]: Got: http://www.commonsensemedia.org/game-reviews/attack-movies-3-d#what-parents-need-to-know depth:3 guess_total:0 outgoing_queue:7
INFO 2020-06-16 16:18:59,024 [discoverer.py discover:223]: Got: http://www.commonsensemedia.org/game-reviews/attack-movies-3-d#what-parents-need-to-know depth:3 guess_total:0 outgoing_queue:7
INFO 2020-06-16 16:18:59,026 [discoverer.py discover_backlinks:132]: Backlinks: http://www.commonsensemedia.org/game-reviews/attack-movies-3-d#what-parents-need-to-know http://www.commonsensemedia.org:80/book-reviews/summoning-darkest-powers-book-1/user-reviews
INFO 2020-06-16 16:18:59,026 [discoverer.py discover_backlinks:132]: Backlinks: http://www.commonsensemedia.org/game-reviews/attack-movies-3-d#what-parents-need-to-know http://www.commonsensemedia.org:80/book-reviews/summoning-darkest-powers-book-1/user-reviews
INFO 2020-06-16 16:19:02,957 [discoverer.py discover_backlinks:151]: Wayback linked: []
INFO 2020-06-16 16:19:02,957 [discoverer.py discover_backlinks:151]: Wayback linked: []
INFO 2020-06-16 16:19:02,958 [discoverer.py discover:226]: loop
INFO 2020-06-16 16:19:02,958 [discoverer.py discover:226]: loop
INFO 2020-06-16 16:19:02,960 [discoverer.py discover:223]: Got: http://www.commonsensemedia.org/game-reviews/3-d-dot-game-heroes#what-parents-need-to-know depth:3 guess_total:0 outgoing_queue:6
INFO 2020-06-16 16:19:02,960 [discoverer.py discover:223]: Got: http://www.commonsensemedia.org/game-reviews/3-d-dot-game-heroes#what-parents-need-to-know depth:3 guess_total:0 outgoing_queue:6
INFO 2020-06-16 16:19:02,961 [discoverer.py discover_backlinks:132]: Backlinks: http://www.commonsensemedia.org/game-reviews/3-d-dot-game-heroes#what-parents-need-to-know http://www.commonsensemedia.org:80/book-reviews/summoning-darkest-powers-book-1/user-reviews
INFO 2020-06-16 16:19:02,961 [discoverer.py discover_backlinks:132]: Backlinks: http://www.commonsensemedia.org/game-reviews/3-d-dot-game-heroes#what-parents-need-to-know http://www.commonsensemedia.org:80/book-reviews/summoning-darkest-powers-book-1/user-reviews
INFO 2020-06-16 16:19:05,707 [discoverer.py discover_backlinks:151]: Wayback linked: []
INFO 2020-06-16 16:19:05,707 [discoverer.py discover_backlinks:151]: Wayback linked: []
INFO 2020-06-16 16:19:05,709 [discoverer.py discover:226]: loop
INFO 2020-06-16 16:19:05,709 [discoverer.py discover:226]: loop
INFO 2020-06-16 16:19:05,711 [discoverer.py discover:223]: Got: http://www.commonsensemedia.org/movie-reviews/shrek-forever-after#what-parents-need-to-know depth:3 guess_total:0 outgoing_queue:5
INFO 2020-06-16 16:19:05,711 [discoverer.py discover:223]: Got: http://www.commonsensemedia.org/movie-reviews/shrek-forever-after#what-parents-need-to-know depth:3 guess_total:0 outgoing_queue:5
INFO 2020-06-16 16:19:05,712 [discoverer.py discover_backlinks:132]: Backlinks: http://www.commonsensemedia.org/movie-reviews/shrek-forever-after#what-parents-need-to-know http://www.commonsensemedia.org:80/book-reviews/summoning-darkest-powers-book-1/user-reviews
INFO 2020-06-16 16:19:05,712 [discoverer.py discover_backlinks:132]: Backlinks: http://www.commonsensemedia.org/movie-reviews/shrek-forever-after#what-parents-need-to-know http://www.commonsensemedia.org:80/book-reviews/summoning-darkest-powers-book-1/user-reviews
INFO 2020-06-16 16:19:06,371 [discoverer.py discover_backlinks:151]: Wayback linked: []
INFO 2020-06-16 16:19:06,371 [discoverer.py discover_backlinks:151]: Wayback linked: []
INFO 2020-06-16 16:19:06,372 [discoverer.py discover:226]: loop
INFO 2020-06-16 16:19:06,372 [discoverer.py discover:226]: loop
INFO 2020-06-16 16:19:06,374 [discoverer.py discover:223]: Got: http://www.commonsensemedia.org/music-reviews/glee-music-power-madonna-0#what-parents-need-to-know depth:3 guess_total:0 outgoing_queue:4
INFO 2020-06-16 16:19:06,374 [discoverer.py discover:223]: Got: http://www.commonsensemedia.org/music-reviews/glee-music-power-madonna-0#what-parents-need-to-know depth:3 guess_total:0 outgoing_queue:4
INFO 2020-06-16 16:19:06,375 [discoverer.py discover_backlinks:132]: Backlinks: http://www.commonsensemedia.org/music-reviews/glee-music-power-madonna-0#what-parents-need-to-know http://www.commonsensemedia.org:80/book-reviews/summoning-darkest-powers-book-1/user-reviews
INFO 2020-06-16 16:19:06,375 [discoverer.py discover_backlinks:132]: Backlinks: http://www.commonsensemedia.org/music-reviews/glee-music-power-madonna-0#what-parents-need-to-know http://www.commonsensemedia.org:80/book-reviews/summoning-darkest-powers-book-1/user-reviews
INFO 2020-06-16 16:19:07,197 [discoverer.py discover_backlinks:151]: Wayback linked: []
INFO 2020-06-16 16:19:07,197 [discoverer.py discover_backlinks:151]: Wayback linked: []
INFO 2020-06-16 16:19:07,198 [discoverer.py discover:226]: loop
INFO 2020-06-16 16:19:07,198 [discoverer.py discover:226]: loop
INFO 2020-06-16 16:19:07,200 [discoverer.py discover:223]: Got: http://www.commonsensemedia.org/website-reviews/you-wouldnt-want-be-roman-gladiator.html#what-parents-need-to-know depth:3 guess_total:0 outgoing_queue:3
INFO 2020-06-16 16:19:07,200 [discoverer.py discover:223]: Got: http://www.commonsensemedia.org/website-reviews/you-wouldnt-want-be-roman-gladiator.html#what-parents-need-to-know depth:3 guess_total:0 outgoing_queue:3
INFO 2020-06-16 16:19:07,201 [discoverer.py discover_backlinks:132]: Backlinks: http://www.commonsensemedia.org/website-reviews/you-wouldnt-want-be-roman-gladiator.html#what-parents-need-to-know http://www.commonsensemedia.org:80/book-reviews/summoning-darkest-powers-book-1/user-reviews
INFO 2020-06-16 16:19:07,201 [discoverer.py discover_backlinks:132]: Backlinks: http://www.commonsensemedia.org/website-reviews/you-wouldnt-want-be-roman-gladiator.html#what-parents-need-to-know http://www.commonsensemedia.org:80/book-reviews/summoning-darkest-powers-book-1/user-reviews
INFO 2020-06-16 16:19:09,527 [discoverer.py discover_backlinks:151]: Wayback linked: []
INFO 2020-06-16 16:19:09,527 [discoverer.py discover_backlinks:151]: Wayback linked: []
INFO 2020-06-16 16:19:09,528 [discoverer.py discover:226]: loop
INFO 2020-06-16 16:19:09,528 [discoverer.py discover:226]: loop
INFO 2020-06-16 16:19:09,529 [discoverer.py discover:223]: Got: http://www.commonsensemedia.org/book-reviews/shakespeare-makes-playoffs#what-parents-need-to-know depth:3 guess_total:0 outgoing_queue:2
INFO 2020-06-16 16:19:09,529 [discoverer.py discover:223]: Got: http://www.commonsensemedia.org/book-reviews/shakespeare-makes-playoffs#what-parents-need-to-know depth:3 guess_total:0 outgoing_queue:2
INFO 2020-06-16 16:19:09,531 [discoverer.py discover_backlinks:132]: Backlinks: http://www.commonsensemedia.org/book-reviews/shakespeare-makes-playoffs#what-parents-need-to-know http://www.commonsensemedia.org:80/book-reviews/summoning-darkest-powers-book-1/user-reviews
INFO 2020-06-16 16:19:09,531 [discoverer.py discover_backlinks:132]: Backlinks: http://www.commonsensemedia.org/book-reviews/shakespeare-makes-playoffs#what-parents-need-to-know http://www.commonsensemedia.org:80/book-reviews/summoning-darkest-powers-book-1/user-reviews
INFO 2020-06-16 16:19:14,414 [discoverer.py discover_backlinks:151]: Wayback linked: []
INFO 2020-06-16 16:19:14,414 [discoverer.py discover_backlinks:151]: Wayback linked: []
INFO 2020-06-16 16:19:14,416 [discoverer.py discover:226]: loop
INFO 2020-06-16 16:19:14,416 [discoverer.py discover:226]: loop
INFO 2020-06-16 16:19:14,417 [discoverer.py discover:223]: Got: http://www.commonsensemedia.org/movie-reviews/macgruber#what-parents-need-to-know depth:3 guess_total:0 outgoing_queue:1
INFO 2020-06-16 16:19:14,417 [discoverer.py discover:223]: Got: http://www.commonsensemedia.org/movie-reviews/macgruber#what-parents-need-to-know depth:3 guess_total:0 outgoing_queue:1
INFO 2020-06-16 16:19:14,418 [discoverer.py discover_backlinks:132]: Backlinks: http://www.commonsensemedia.org/movie-reviews/macgruber#what-parents-need-to-know http://www.commonsensemedia.org:80/book-reviews/summoning-darkest-powers-book-1/user-reviews
INFO 2020-06-16 16:19:14,418 [discoverer.py discover_backlinks:132]: Backlinks: http://www.commonsensemedia.org/movie-reviews/macgruber#what-parents-need-to-know http://www.commonsensemedia.org:80/book-reviews/summoning-darkest-powers-book-1/user-reviews
INFO 2020-06-16 16:19:17,475 [discoverer.py discover_backlinks:151]: Wayback linked: []
INFO 2020-06-16 16:19:17,475 [discoverer.py discover_backlinks:151]: Wayback linked: []
INFO 2020-06-16 16:19:17,476 [discoverer.py discover:226]: loop
INFO 2020-06-16 16:19:17,476 [discoverer.py discover:226]: loop
INFO 2020-06-16 16:19:17,478 [discoverer.py discover:223]: Got: http://www.commonsensemedia.org/website-reviews/www-girlzone.html#what-parents-need-to-know depth:3 guess_total:0 outgoing_queue:0
INFO 2020-06-16 16:19:17,478 [discoverer.py discover:223]: Got: http://www.commonsensemedia.org/website-reviews/www-girlzone.html#what-parents-need-to-know depth:3 guess_total:0 outgoing_queue:0
INFO 2020-06-16 16:19:17,479 [discoverer.py discover_backlinks:132]: Backlinks: http://www.commonsensemedia.org/website-reviews/www-girlzone.html#what-parents-need-to-know http://www.commonsensemedia.org:80/book-reviews/summoning-darkest-powers-book-1/user-reviews
INFO 2020-06-16 16:19:17,479 [discoverer.py discover_backlinks:132]: Backlinks: http://www.commonsensemedia.org/website-reviews/www-girlzone.html#what-parents-need-to-know http://www.commonsensemedia.org:80/book-reviews/summoning-darkest-powers-book-1/user-reviews
INFO 2020-06-16 16:19:20,523 [discoverer.py discover_backlinks:151]: Wayback linked: []
INFO 2020-06-16 16:19:20,523 [discoverer.py discover_backlinks:151]: Wayback linked: []
INFO 2020-06-16 16:19:20,524 [discoverer.py discover:226]: loop
INFO 2020-06-16 16:19:20,524 [discoverer.py discover:226]: loop
